
9월 22, 2022 11:22:15.15 NEW SESSION
9월 22, 2022 11:22:15.15 [1928:14152:0922/112215.154:ERROR:device_event_log_impl.cc(214)] [11:22:15.154] Bluetooth: bluetooth_adapter_winrt.cc:1074 Getting Default Adapter failed.
9월 22, 2022 11:23:02.46 [8064:4024:0922/112302.464:ERROR:device_event_log_impl.cc(214)] [11:23:02.464] Bluetooth: bluetooth_adapter_winrt.cc:1074 Getting Default Adapter failed.
9월 22, 2022 11:23:59.65 [8064:6444:0922/112359.657:ERROR:util.cc(129)] Can't create base directory: C:\Program Files\Google\GoogleUpdater

9월 27, 2022 09:14:50.340 NEW SESSION
9월 27, 2022 09:14:50.340 [15168:7392:0927/091450.339:ERROR:device_event_log_impl.cc(214)] [09:14:50.340] Bluetooth: bluetooth_adapter_winrt.cc:1074 Getting Default Adapter failed.
9월 27, 2022 09:15:48.304 [15168:5084:0927/091548.304:ERROR:util.cc(129)] Can't create base directory: C:\Program Files\Google\GoogleUpdater
9월 27, 2022 09:35:05.366 [15168:7392:0927/093505.366:ERROR:interface_endpoint_client.cc(689)] Message 1 rejected by interface blink.mojom.WidgetHost
9월 27, 2022 09:54:38.434 [15168:7392:0927/095438.434:ERROR:interface_endpoint_client.cc(689)] Message 1 rejected by interface blink.mojom.WidgetHost
9월 27, 2022 09:54:38.435 [15168:7392:0927/095438.434:ERROR:interface_endpoint_client.cc(689)] Message 1 rejected by interface blink.mojom.WidgetHost

10월 20, 2022 19:13:37.732 NEW SESSION
10월 20, 2022 19:13:37.732 [10712:14244:1020/191337.731:ERROR:device_event_log_impl.cc(214)] [19:13:37.732] Bluetooth: bluetooth_adapter_winrt.cc:1074 Getting Default Adapter failed.
10월 20, 2022 19:18:27.470 [10020:11488:1020/191827.470:ERROR:device_event_log_impl.cc(214)] [19:18:27.471] Bluetooth: bluetooth_adapter_winrt.cc:1074 Getting Default Adapter failed.
10월 20, 2022 19:19:25.380 [10020:9116:1020/191925.380:ERROR:util.cc(129)] Can't create base directory: C:\Program Files\Google\GoogleUpdater
10월 20, 2022 19:26:08.861 [9496:9300:1020/192608.861:ERROR:device_event_log_impl.cc(214)] [19:26:08.861] Bluetooth: bluetooth_adapter_winrt.cc:1074 Getting Default Adapter failed.
10월 20, 2022 19:27:06.772 [9496:11776:1020/192706.771:ERROR:util.cc(129)] Can't create base directory: C:\Program Files\Google\GoogleUpdater
10월 20, 2022 19:40:03.882 [1872:9940:1020/194003.882:ERROR:device_event_log_impl.cc(214)] [19:40:03.881] Bluetooth: bluetooth_adapter_winrt.cc:1074 Getting Default Adapter failed.
10월 20, 2022 19:41:01.772 [1872:3260:1020/194101.772:ERROR:util.cc(129)] Can't create base directory: C:\Program Files\Google\GoogleUpdater
10월 20, 2022 19:55:47.429 [13416:7768:1020/195547.428:ERROR:device_event_log_impl.cc(214)] [19:55:47.429] Bluetooth: bluetooth_adapter_winrt.cc:1074 Getting Default Adapter failed.
10월 20, 2022 19:56:45.325 [13416:11056:1020/195645.325:ERROR:util.cc(129)] Can't create base directory: C:\Program Files\Google\GoogleUpdater
10월 20, 2022 20:02:17.176 [10124:10300:1020/200217.175:ERROR:device_event_log_impl.cc(214)] [20:02:17.176] Bluetooth: bluetooth_adapter_winrt.cc:1074 Getting Default Adapter failed.
10월 20, 2022 20:02:49.648 [12188:9876:1020/200249.648:ERROR:device_event_log_impl.cc(214)] [20:02:49.648] Bluetooth: bluetooth_adapter_winrt.cc:1074 Getting Default Adapter failed.
10월 20, 2022 20:03:47.615 [12188:10356:1020/200347.615:ERROR:util.cc(129)] Can't create base directory: C:\Program Files\Google\GoogleUpdater

10월 26, 2022 10:44:01.595 NEW SESSION
10월 26, 2022 10:44:01.595 [8268:1900:1026/104401.594:ERROR:device_event_log_impl.cc(214)] [10:44:01.594] Bluetooth: bluetooth_adapter_winrt.cc:1074 Getting Default Adapter failed.
10월 26, 2022 10:44:59.458 [8268:7744:1026/104459.458:ERROR:util.cc(129)] Can't create base directory: C:\Program Files\Google\GoogleUpdater

10월 26, 2022 11:06:46.719 NEW SESSION
10월 26, 2022 11:06:46.719 [13572:11700:1026/110646.718:ERROR:device_event_log_impl.cc(214)] [11:06:46.717] Bluetooth: bluetooth_adapter_winrt.cc:1074 Getting Default Adapter failed.
10월 26, 2022 11:07:54.705 [15764:17868:1026/110754.705:ERROR:device_event_log_impl.cc(214)] [11:07:54.705] Bluetooth: bluetooth_adapter_winrt.cc:1074 Getting Default Adapter failed.
10월 26, 2022 11:08:52.629 [15764:15332:1026/110852.629:ERROR:util.cc(129)] Can't create base directory: C:\Program Files\Google\GoogleUpdater
10월 26, 2022 12:02:27.765 [15764:17844:1026/120227.765:ERROR:cert_verify_proc_builtin.cc(670)] CertVerifyProcBuiltin for www.park-ave.co.kr failed:
10월 26, 2022 12:02:27.765 ----- Certificate i=0 (O=My Company Ltd,L=Newbury,ST=Berkshire,C=GB) -----
10월 26, 2022 12:02:27.766 ERROR: No matching issuer found
10월 26, 2022 12:02:27.766 
10월 26, 2022 12:02:27.766 
